c:\users\miguel\source\repos\turbovision-2.2.1\build\source\tvision.dir\debug\cmake_pch.pch
c:\users\miguel\source\repos\turbovision-2.2.1\build\debug\tvision-debug.pdb
c:\users\miguel\source\repos\turbovision-2.2.1\build\source\tvision.dir\debug\cmake_pch.obj
c:\users\miguel\source\repos\turbovision-2.2.1\build\source\tvision.dir\debug\sighandl.obj
c:\users\miguel\source\repos\turbovision-2.2.1\build\source\tvision.dir\debug\platform.obj
c:\users\miguel\source\repos\turbovision-2.2.1\build\source\tvision.dir\debug\platfcon.obj
c:\users\miguel\source\repos\turbovision-2.2.1\build\source\tvision.dir\debug\ncursinp.obj
c:\users\miguel\source\repos\turbovision-2.2.1\build\source\tvision.dir\debug\ncurdisp.obj
c:\users\miguel\source\repos\turbovision-2.2.1\build\source\tvision.dir\debug\mutex.obj
c:\users\miguel\source\repos\turbovision-2.2.1\build\source\tvision.dir\debug\linuxcon.obj
c:\users\miguel\source\repos\turbovision-2.2.1\build\source\tvision.dir\debug\hardware.obj
c:\users\miguel\source\repos\turbovision-2.2.1\build\source\tvision.dir\debug\gpminput.obj
c:\users\miguel\source\repos\turbovision-2.2.1\build\source\tvision.dir\debug\findfrst.obj
c:\users\miguel\source\repos\turbovision-2.2.1\build\source\tvision.dir\debug\far2l.obj
c:\users\miguel\source\repos\turbovision-2.2.1\build\source\tvision.dir\debug\events.obj
c:\users\miguel\source\repos\turbovision-2.2.1\build\source\tvision.dir\debug\errredir.obj
c:\users\miguel\source\repos\turbovision-2.2.1\build\source\tvision.dir\debug\dispbuff.obj
c:\users\miguel\source\repos\turbovision-2.2.1\build\source\tvision.dir\debug\dir.obj
c:\users\miguel\source\repos\turbovision-2.2.1\build\source\tvision.dir\debug\conctl.obj
c:\users\miguel\source\repos\turbovision-2.2.1\build\source\tvision.dir\debug\colors.obj
c:\users\miguel\source\repos\turbovision-2.2.1\build\source\tvision.dir\debug\codepage.obj
c:\users\miguel\source\repos\turbovision-2.2.1\build\source\tvision.dir\debug\base64.obj
c:\users\miguel\source\repos\turbovision-2.2.1\build\source\tvision.dir\debug\ansiwrit.obj
c:\users\miguel\source\repos\turbovision-2.2.1\build\source\tvision.dir\debug\help.obj
c:\users\miguel\source\repos\turbovision-2.2.1\build\source\tvision.dir\debug\hardwrvr.obj
c:\users\miguel\source\repos\turbovision-2.2.1\build\source\tvision.dir\debug\grp.obj
c:\users\miguel\source\repos\turbovision-2.2.1\build\source\tvision.dir\debug\framelin.obj
c:\users\miguel\source\repos\turbovision-2.2.1\build\source\tvision.dir\debug\fmtstr.obj
c:\users\miguel\source\repos\turbovision-2.2.1\build\source\tvision.dir\debug\editstat.obj
c:\users\miguel\source\repos\turbovision-2.2.1\build\source\tvision.dir\debug\edits.obj
c:\users\miguel\source\repos\turbovision-2.2.1\build\source\tvision.dir\debug\drivers2.obj
c:\users\miguel\source\repos\turbovision-2.2.1\build\source\tvision.dir\debug\drivers.obj
c:\users\miguel\source\repos\turbovision-2.2.1\build\source\tvision.dir\debug\colorsel.obj
c:\users\miguel\source\repos\turbovision-2.2.1\build\source\tvision.dir\debug\winwidth.obj
c:\users\miguel\source\repos\turbovision-2.2.1\build\source\tvision.dir\debug\windows.obj
c:\users\miguel\source\repos\turbovision-2.2.1\build\source\tvision.dir\debug\win32con.obj
c:\users\miguel\source\repos\turbovision-2.2.1\build\source\tvision.dir\debug\utf8.obj
c:\users\miguel\source\repos\turbovision-2.2.1\build\source\tvision.dir\debug\unixcon.obj
c:\users\miguel\source\repos\turbovision-2.2.1\build\source\tvision.dir\debug\unixclip.obj
c:\users\miguel\source\repos\turbovision-2.2.1\build\source\tvision.dir\debug\ttext.obj
c:\users\miguel\source\repos\turbovision-2.2.1\build\source\tvision.dir\debug\termio.obj
c:\users\miguel\source\repos\turbovision-2.2.1\build\source\tvision.dir\debug\strings.obj
c:\users\miguel\source\repos\turbovision-2.2.1\build\source\tvision.dir\debug\sigwinch.obj
c:\users\miguel\source\repos\turbovision-2.2.1\build\source\tvision.dir\debug\nmeditor.obj
c:\users\miguel\source\repos\turbovision-2.2.1\build\source\tvision.dir\debug\nmdsktop.obj
c:\users\miguel\source\repos\turbovision-2.2.1\build\source\tvision.dir\debug\nmdircol.obj
c:\users\miguel\source\repos\turbovision-2.2.1\build\source\tvision.dir\debug\nmdirbox.obj
c:\users\miguel\source\repos\turbovision-2.2.1\build\source\tvision.dir\debug\nmdialog.obj
c:\users\miguel\source\repos\turbovision-2.2.1\build\source\tvision.dir\debug\nmcollct.obj
c:\users\miguel\source\repos\turbovision-2.2.1\build\source\tvision.dir\debug\nmclustr.obj
c:\users\miguel\source\repos\turbovision-2.2.1\build\source\tvision.dir\debug\nmclrsel.obj
c:\users\miguel\source\repos\turbovision-2.2.1\build\source\tvision.dir\debug\nmchkbox.obj
c:\users\miguel\source\repos\turbovision-2.2.1\build\source\tvision.dir\debug\nmchdrdl.obj
c:\users\miguel\source\repos\turbovision-2.2.1\build\source\tvision.dir\debug\nmbutton.obj
c:\users\miguel\source\repos\turbovision-2.2.1\build\source\tvision.dir\debug\nmbkgrnd.obj
c:\users\miguel\source\repos\turbovision-2.2.1\build\source\tvision.dir\debug\newstr.obj
c:\users\miguel\source\repos\turbovision-2.2.1\build\source\tvision.dir\debug\new.obj
c:\users\miguel\source\repos\turbovision-2.2.1\build\source\tvision.dir\debug\msgbox.obj
c:\users\miguel\source\repos\turbovision-2.2.1\build\source\tvision.dir\debug\misc.obj
c:\users\miguel\source\repos\turbovision-2.2.1\build\source\tvision.dir\debug\menu.obj
c:\users\miguel\source\repos\turbovision-2.2.1\build\source\tvision.dir\debug\mapcolor.obj
c:\users\miguel\source\repos\turbovision-2.2.1\build\source\tvision.dir\debug\histlist.obj
c:\users\miguel\source\repos\turbovision-2.2.1\build\source\tvision.dir\debug\helpbase.obj
c:\users\miguel\source\repos\turbovision-2.2.1\build\source\tvision.dir\debug\nmscoll.obj
c:\users\miguel\source\repos\turbovision-2.2.1\build\source\tvision.dir\debug\nmrescol.obj
c:\users\miguel\source\repos\turbovision-2.2.1\build\source\tvision.dir\debug\nmrbtns.obj
c:\users\miguel\source\repos\turbovision-2.2.1\build\source\tvision.dir\debug\nmprmtxt.obj
c:\users\miguel\source\repos\turbovision-2.2.1\build\source\tvision.dir\debug\nmoutlin.obj
c:\users\miguel\source\repos\turbovision-2.2.1\build\source\tvision.dir\debug\nmmulchk.obj
c:\users\miguel\source\repos\turbovision-2.2.1\build\source\tvision.dir\debug\nmmnuvw.obj
c:\users\miguel\source\repos\turbovision-2.2.1\build\source\tvision.dir\debug\nmmnupop.obj
c:\users\miguel\source\repos\turbovision-2.2.1\build\source\tvision.dir\debug\nmmnubox.obj
c:\users\miguel\source\repos\turbovision-2.2.1\build\source\tvision.dir\debug\nmmnubar.obj
c:\users\miguel\source\repos\turbovision-2.2.1\build\source\tvision.dir\debug\nmlstvwr.obj
c:\users\miguel\source\repos\turbovision-2.2.1\build\source\tvision.dir\debug\nmlstbox.obj
c:\users\miguel\source\repos\turbovision-2.2.1\build\source\tvision.dir\debug\nmlabel.obj
c:\users\miguel\source\repos\turbovision-2.2.1\build\source\tvision.dir\debug\nminptln.obj
c:\users\miguel\source\repos\turbovision-2.2.1\build\source\tvision.dir\debug\nmhist.obj
c:\users\miguel\source\repos\turbovision-2.2.1\build\source\tvision.dir\debug\nmgroup.obj
c:\users\miguel\source\repos\turbovision-2.2.1\build\source\tvision.dir\debug\nmframe.obj
c:\users\miguel\source\repos\turbovision-2.2.1\build\source\tvision.dir\debug\nmfillst.obj
c:\users\miguel\source\repos\turbovision-2.2.1\build\source\tvision.dir\debug\nmfildlg.obj
c:\users\miguel\source\repos\turbovision-2.2.1\build\source\tvision.dir\debug\nmfilcol.obj
c:\users\miguel\source\repos\turbovision-2.2.1\build\source\tvision.dir\debug\sdesktop.obj
c:\users\miguel\source\repos\turbovision-2.2.1\build\source\tvision.dir\debug\scluster.obj
c:\users\miguel\source\repos\turbovision-2.2.1\build\source\tvision.dir\debug\sclrsel.obj
c:\users\miguel\source\repos\turbovision-2.2.1\build\source\tvision.dir\debug\scheckbo.obj
c:\users\miguel\source\repos\turbovision-2.2.1\build\source\tvision.dir\debug\schdrdlg.obj
c:\users\miguel\source\repos\turbovision-2.2.1\build\source\tvision.dir\debug\sbutton.obj
c:\users\miguel\source\repos\turbovision-2.2.1\build\source\tvision.dir\debug\sbkgrnd.obj
c:\users\miguel\source\repos\turbovision-2.2.1\build\source\tvision.dir\debug\prntcnst.obj
c:\users\miguel\source\repos\turbovision-2.2.1\build\source\tvision.dir\debug\popupmnu.obj
c:\users\miguel\source\repos\turbovision-2.2.1\build\source\tvision.dir\debug\palette.obj
c:\users\miguel\source\repos\turbovision-2.2.1\build\source\tvision.dir\debug\nmwindow.obj
c:\users\miguel\source\repos\turbovision-2.2.1\build\source\tvision.dir\debug\nmview.obj
c:\users\miguel\source\repos\turbovision-2.2.1\build\source\tvision.dir\debug\nmvalida.obj
c:\users\miguel\source\repos\turbovision-2.2.1\build\source\tvision.dir\debug\nmstrlst.obj
c:\users\miguel\source\repos\turbovision-2.2.1\build\source\tvision.dir\debug\nmstrcol.obj
c:\users\miguel\source\repos\turbovision-2.2.1\build\source\tvision.dir\debug\nmstline.obj
c:\users\miguel\source\repos\turbovision-2.2.1\build\source\tvision.dir\debug\nmstddlg.obj
c:\users\miguel\source\repos\turbovision-2.2.1\build\source\tvision.dir\debug\nmstctxt.obj
c:\users\miguel\source\repos\turbovision-2.2.1\build\source\tvision.dir\debug\nmscroll.obj
c:\users\miguel\source\repos\turbovision-2.2.1\build\source\tvision.dir\debug\nmscrbar.obj
c:\users\miguel\source\repos\turbovision-2.2.1\build\source\tvision.dir\debug\smnuview.obj
c:\users\miguel\source\repos\turbovision-2.2.1\build\source\tvision.dir\debug\smenupop.obj
c:\users\miguel\source\repos\turbovision-2.2.1\build\source\tvision.dir\debug\smenubox.obj
c:\users\miguel\source\repos\turbovision-2.2.1\build\source\tvision.dir\debug\smenubar.obj
c:\users\miguel\source\repos\turbovision-2.2.1\build\source\tvision.dir\debug\slstview.obj
c:\users\miguel\source\repos\turbovision-2.2.1\build\source\tvision.dir\debug\slistbox.obj
c:\users\miguel\source\repos\turbovision-2.2.1\build\source\tvision.dir\debug\slabel.obj
c:\users\miguel\source\repos\turbovision-2.2.1\build\source\tvision.dir\debug\sinputli.obj
c:\users\miguel\source\repos\turbovision-2.2.1\build\source\tvision.dir\debug\shistory.obj
c:\users\miguel\source\repos\turbovision-2.2.1\build\source\tvision.dir\debug\sgroup.obj
c:\users\miguel\source\repos\turbovision-2.2.1\build\source\tvision.dir\debug\sframe.obj
c:\users\miguel\source\repos\turbovision-2.2.1\build\source\tvision.dir\debug\sfinputl.obj
c:\users\miguel\source\repos\turbovision-2.2.1\build\source\tvision.dir\debug\sfinfpne.obj
c:\users\miguel\source\repos\turbovision-2.2.1\build\source\tvision.dir\debug\sfilelst.obj
c:\users\miguel\source\repos\turbovision-2.2.1\build\source\tvision.dir\debug\sfildlg.obj
c:\users\miguel\source\repos\turbovision-2.2.1\build\source\tvision.dir\debug\sfilcoll.obj
c:\users\miguel\source\repos\turbovision-2.2.1\build\source\tvision.dir\debug\seditors.obj
c:\users\miguel\source\repos\turbovision-2.2.1\build\source\tvision.dir\debug\sdirlist.obj
c:\users\miguel\source\repos\turbovision-2.2.1\build\source\tvision.dir\debug\sdircoll.obj
c:\users\miguel\source\repos\turbovision-2.2.1\build\source\tvision.dir\debug\sdialog.obj
c:\users\miguel\source\repos\turbovision-2.2.1\build\source\tvision.dir\debug\tbkgrnd.obj
c:\users\miguel\source\repos\turbovision-2.2.1\build\source\tvision.dir\debug\tapplica.obj
c:\users\miguel\source\repos\turbovision-2.2.1\build\source\tvision.dir\debug\syserr.obj
c:\users\miguel\source\repos\turbovision-2.2.1\build\source\tvision.dir\debug\swindow.obj
c:\users\miguel\source\repos\turbovision-2.2.1\build\source\tvision.dir\debug\sview.obj
c:\users\miguel\source\repos\turbovision-2.2.1\build\source\tvision.dir\debug\svalid.obj
c:\users\miguel\source\repos\turbovision-2.2.1\build\source\tvision.dir\debug\strmstat.obj
c:\users\miguel\source\repos\turbovision-2.2.1\build\source\tvision.dir\debug\stddlg.obj
c:\users\miguel\source\repos\turbovision-2.2.1\build\source\tvision.dir\debug\sstrlst.obj
c:\users\miguel\source\repos\turbovision-2.2.1\build\source\tvision.dir\debug\sstrcoll.obj
c:\users\miguel\source\repos\turbovision-2.2.1\build\source\tvision.dir\debug\sstatusl.obj
c:\users\miguel\source\repos\turbovision-2.2.1\build\source\tvision.dir\debug\sstatict.obj
c:\users\miguel\source\repos\turbovision-2.2.1\build\source\tvision.dir\debug\sscrolle.obj
c:\users\miguel\source\repos\turbovision-2.2.1\build\source\tvision.dir\debug\sscrlbar.obj
c:\users\miguel\source\repos\turbovision-2.2.1\build\source\tvision.dir\debug\srescoll.obj
c:\users\miguel\source\repos\turbovision-2.2.1\build\source\tvision.dir\debug\sradiobu.obj
c:\users\miguel\source\repos\turbovision-2.2.1\build\source\tvision.dir\debug\sparamte.obj
c:\users\miguel\source\repos\turbovision-2.2.1\build\source\tvision.dir\debug\soutline.obj
c:\users\miguel\source\repos\turbovision-2.2.1\build\source\tvision.dir\debug\snprintf.obj
c:\users\miguel\source\repos\turbovision-2.2.1\build\source\tvision.dir\debug\smulchkb.obj
c:\users\miguel\source\repos\turbovision-2.2.1\build\source\tvision.dir\debug\tfillist.obj
c:\users\miguel\source\repos\turbovision-2.2.1\build\source\tvision.dir\debug\tfiledtr.obj
c:\users\miguel\source\repos\turbovision-2.2.1\build\source\tvision.dir\debug\tfilecol.obj
c:\users\miguel\source\repos\turbovision-2.2.1\build\source\tvision.dir\debug\tfildlg.obj
c:\users\miguel\source\repos\turbovision-2.2.1\build\source\tvision.dir\debug\textview.obj
c:\users\miguel\source\repos\turbovision-2.2.1\build\source\tvision.dir\debug\tevent.obj
c:\users\miguel\source\repos\turbovision-2.2.1\build\source\tvision.dir\debug\teditwnd.obj
c:\users\miguel\source\repos\turbovision-2.2.1\build\source\tvision.dir\debug\teditor2.obj
c:\users\miguel\source\repos\turbovision-2.2.1\build\source\tvision.dir\debug\teditor1.obj
c:\users\miguel\source\repos\turbovision-2.2.1\build\source\tvision.dir\debug\tdirlist.obj
c:\users\miguel\source\repos\turbovision-2.2.1\build\source\tvision.dir\debug\tdircoll.obj
c:\users\miguel\source\repos\turbovision-2.2.1\build\source\tvision.dir\debug\tdialog.obj
c:\users\miguel\source\repos\turbovision-2.2.1\build\source\tvision.dir\debug\tdesktop.obj
c:\users\miguel\source\repos\turbovision-2.2.1\build\source\tvision.dir\debug\tcollect.obj
c:\users\miguel\source\repos\turbovision-2.2.1\build\source\tvision.dir\debug\tcmdset.obj
c:\users\miguel\source\repos\turbovision-2.2.1\build\source\tvision.dir\debug\tcluster.obj
c:\users\miguel\source\repos\turbovision-2.2.1\build\source\tvision.dir\debug\tclipbrd.obj
c:\users\miguel\source\repos\turbovision-2.2.1\build\source\tvision.dir\debug\tcheckbo.obj
c:\users\miguel\source\repos\turbovision-2.2.1\build\source\tvision.dir\debug\tchdrdlg.obj
c:\users\miguel\source\repos\turbovision-2.2.1\build\source\tvision.dir\debug\tbutton.obj
c:\users\miguel\source\repos\turbovision-2.2.1\build\source\tvision.dir\debug\tobject.obj
c:\users\miguel\source\repos\turbovision-2.2.1\build\source\tvision.dir\debug\tmulchkb.obj
c:\users\miguel\source\repos\turbovision-2.2.1\build\source\tvision.dir\debug\tmouse.obj
c:\users\miguel\source\repos\turbovision-2.2.1\build\source\tvision.dir\debug\tmnuview.obj
c:\users\miguel\source\repos\turbovision-2.2.1\build\source\tvision.dir\debug\tmenupop.obj
c:\users\miguel\source\repos\turbovision-2.2.1\build\source\tvision.dir\debug\tmenubox.obj
c:\users\miguel\source\repos\turbovision-2.2.1\build\source\tvision.dir\debug\tmenubar.obj
c:\users\miguel\source\repos\turbovision-2.2.1\build\source\tvision.dir\debug\tmemo.obj
c:\users\miguel\source\repos\turbovision-2.2.1\build\source\tvision.dir\debug\tlstview.obj
c:\users\miguel\source\repos\turbovision-2.2.1\build\source\tvision.dir\debug\tlistbox.obj
c:\users\miguel\source\repos\turbovision-2.2.1\build\source\tvision.dir\debug\tlabel.obj
c:\users\miguel\source\repos\turbovision-2.2.1\build\source\tvision.dir\debug\tkey.obj
c:\users\miguel\source\repos\turbovision-2.2.1\build\source\tvision.dir\debug\tinputli.obj
c:\users\miguel\source\repos\turbovision-2.2.1\build\source\tvision.dir\debug\tindictr.obj
c:\users\miguel\source\repos\turbovision-2.2.1\build\source\tvision.dir\debug\thstview.obj
c:\users\miguel\source\repos\turbovision-2.2.1\build\source\tvision.dir\debug\thistwin.obj
c:\users\miguel\source\repos\turbovision-2.2.1\build\source\tvision.dir\debug\thistory.obj
c:\users\miguel\source\repos\turbovision-2.2.1\build\source\tvision.dir\debug\tgroup.obj
c:\users\miguel\source\repos\turbovision-2.2.1\build\source\tvision.dir\debug\tgrmv.obj
c:\users\miguel\source\repos\turbovision-2.2.1\build\source\tvision.dir\debug\tframe.obj
c:\users\miguel\source\repos\turbovision-2.2.1\build\source\tvision.dir\debug\tvalidat.obj
c:\users\miguel\source\repos\turbovision-2.2.1\build\source\tvision.dir\debug\ttprvlns.obj
c:\users\miguel\source\repos\turbovision-2.2.1\build\source\tvision.dir\debug\ttimerqu.obj
c:\users\miguel\source\repos\turbovision-2.2.1\build\source\tvision.dir\debug\tsurface.obj
c:\users\miguel\source\repos\turbovision-2.2.1\build\source\tvision.dir\debug\tstrview.obj
c:\users\miguel\source\repos\turbovision-2.2.1\build\source\tvision.dir\debug\tstrlist.obj
c:\users\miguel\source\repos\turbovision-2.2.1\build\source\tvision.dir\debug\tstrcoll.obj
c:\users\miguel\source\repos\turbovision-2.2.1\build\source\tvision.dir\debug\tstatusl.obj
c:\users\miguel\source\repos\turbovision-2.2.1\build\source\tvision.dir\debug\tstatict.obj
c:\users\miguel\source\repos\turbovision-2.2.1\build\source\tvision.dir\debug\tsortcol.obj
c:\users\miguel\source\repos\turbovision-2.2.1\build\source\tvision.dir\debug\tscrolle.obj
c:\users\miguel\source\repos\turbovision-2.2.1\build\source\tvision.dir\debug\tscrlbar.obj
c:\users\miguel\source\repos\turbovision-2.2.1\build\source\tvision.dir\debug\tscreen.obj
c:\users\miguel\source\repos\turbovision-2.2.1\build\source\tvision.dir\debug\tresfile.obj
c:\users\miguel\source\repos\turbovision-2.2.1\build\source\tvision.dir\debug\trescoll.obj
c:\users\miguel\source\repos\turbovision-2.2.1\build\source\tvision.dir\debug\tradiobu.obj
c:\users\miguel\source\repos\turbovision-2.2.1\build\source\tvision.dir\debug\tprogram.obj
c:\users\miguel\source\repos\turbovision-2.2.1\build\source\tvision.dir\debug\tparamte.obj
c:\users\miguel\source\repos\turbovision-2.2.1\build\source\tvision.dir\debug\toutline.obj
c:\users\miguel\source\repos\turbovision-2.2.1\build\source\tvision.dir\debug\tobjstrm.obj
c:\users\miguel\source\repos\turbovision-2.2.1\build\source\tvision.dir\debug\twindow.obj
c:\users\miguel\source\repos\turbovision-2.2.1\build\source\tvision.dir\debug\tvwrite.obj
c:\users\miguel\source\repos\turbovision-2.2.1\build\source\tvision.dir\debug\tvtext2.obj
c:\users\miguel\source\repos\turbovision-2.2.1\build\source\tvision.dir\debug\tvtext1.obj
c:\users\miguel\source\repos\turbovision-2.2.1\build\source\tvision.dir\debug\tview.obj
c:\users\miguel\source\repos\turbovision-2.2.1\build\source\tvision.dir\debug\tvexposd.obj
c:\users\miguel\source\repos\turbovision-2.2.1\build\source\tvision.dir\debug\tvcursor.obj
c:\users\miguel\source\repos\turbovision-2.2.1\build\source\cmakefiles\generate.stamp
c:\users\miguel\source\repos\turbovision-2.2.1\build\debug\tvision-debug.lib
c:\users\miguel\source\repos\turbovision-2.2.1\build\source\tvision.dir\debug\tvision.tlog\cl.command.1.tlog
c:\users\miguel\source\repos\turbovision-2.2.1\build\source\tvision.dir\debug\tvision.tlog\cl.items.tlog
c:\users\miguel\source\repos\turbovision-2.2.1\build\source\tvision.dir\debug\tvision.tlog\cl.read.1.tlog
c:\users\miguel\source\repos\turbovision-2.2.1\build\source\tvision.dir\debug\tvision.tlog\cl.write.1.tlog
c:\users\miguel\source\repos\turbovision-2.2.1\build\source\tvision.dir\debug\tvision.tlog\custombuild.command.1.tlog
c:\users\miguel\source\repos\turbovision-2.2.1\build\source\tvision.dir\debug\tvision.tlog\custombuild.read.1.tlog
c:\users\miguel\source\repos\turbovision-2.2.1\build\source\tvision.dir\debug\tvision.tlog\custombuild.write.1.tlog
c:\users\miguel\source\repos\turbovision-2.2.1\build\source\tvision.dir\debug\tvision.tlog\lib-link.read.1.tlog
c:\users\miguel\source\repos\turbovision-2.2.1\build\source\tvision.dir\debug\tvision.tlog\lib-link.write.1.tlog
c:\users\miguel\source\repos\turbovision-2.2.1\build\source\tvision.dir\debug\tvision.tlog\lib.command.1.tlog
