  Building Custom Rule C:/Users/miguel/source/repos/turbovision-2.2.1/source/CMakeLists.txt
  cmake_pch.cxx
  ansiwrit.cpp
  base64.cpp
  codepage.cpp
  colors.cpp
  conctl.cpp
  dir.cpp
  dispbuff.cpp
  errredir.cpp
  events.cpp
  far2l.cpp
  findfrst.cpp
  gpminput.cpp
  hardware.cpp
  linuxcon.cpp
  mutex.cpp
  ncurdisp.cpp
  ncursinp.cpp
  platfcon.cpp
  platform.cpp
  sighandl.cpp
  Gerando Código...
  Compilando...
  sigwinch.cpp
  strings.cpp
  termio.cpp
  ttext.cpp
  unixclip.cpp
  unixcon.cpp
  utf8.cpp
  win32con.cpp
  windows.cpp
  winwidth.cpp
  colorsel.cpp
  drivers.cpp
  drivers2.cpp
  edits.cpp
  editstat.cpp
  fmtstr.cpp
  framelin.cpp
  grp.cpp
  hardwrvr.cpp
  help.cpp
  Gerando Código...
  Compilando...
  helpbase.cpp
  histlist.cpp
  mapcolor.cpp
C:\Users\miguel\source\repos\turbovision-2.2.1\source\tvision\histlist.cpp(189,31): warning C4291: 'void *HistRec::operator new(size_t,HistRec *) noexcept': nenhum operador delete encontrado; memória não será liberada se inicialização lançar uma exceção
  menu.cpp
  (compilando o arquivo fonte '../../source/tvision/histlist.cpp')
      C:\Users\miguel\source\repos\turbovision-2.2.1\source\tvision\histlist.cpp(55,16):
      consulte a declaração de 'HistRec::operator new'
  
  misc.cpp
  msgbox.cpp
  new.cpp
  newstr.cpp
  nmbkgrnd.cpp
  nmbutton.cpp
  nmchdrdl.cpp
  nmchkbox.cpp
  nmclrsel.cpp
  nmclustr.cpp
  nmcollct.cpp
  nmdialog.cpp
  nmdirbox.cpp
  nmdircol.cpp
  nmdsktop.cpp
  nmeditor.cpp
  Gerando Código...
  Compilando...
  nmfilcol.cpp
  nmfildlg.cpp
  nmfillst.cpp
  nmframe.cpp
  nmgroup.cpp
  nmhist.cpp
  nminptln.cpp
  nmlabel.cpp
  nmlstbox.cpp
  nmlstvwr.cpp
  nmmnubar.cpp
  nmmnubox.cpp
  nmmnupop.cpp
  nmmnuvw.cpp
  nmmulchk.cpp
  nmoutlin.cpp
  nmprmtxt.cpp
  nmrbtns.cpp
  nmrescol.cpp
  nmscoll.cpp
  Gerando Código...
  Compilando...
  nmscrbar.cpp
  nmscroll.cpp
  nmstctxt.cpp
  nmstddlg.cpp
  nmstline.cpp
  nmstrcol.cpp
  nmstrlst.cpp
  nmvalida.cpp
  nmview.cpp
  nmwindow.cpp
  palette.cpp
  popupmnu.cpp
  prntcnst.cpp
  sbkgrnd.cpp
  sbutton.cpp
  schdrdlg.cpp
  scheckbo.cpp
  sclrsel.cpp
  scluster.cpp
  sdesktop.cpp
  Gerando Código...
  Compilando...
  sdialog.cpp
  sdircoll.cpp
  sdirlist.cpp
  seditors.cpp
  sfilcoll.cpp
  sfildlg.cpp
  sfilelst.cpp
  sfinfpne.cpp
  sfinputl.cpp
  sframe.cpp
  sgroup.cpp
  shistory.cpp
  sinputli.cpp
  slabel.cpp
  slistbox.cpp
  slstview.cpp
  smenubar.cpp
  smenubox.cpp
  smenupop.cpp
  smnuview.cpp
  Gerando Código...
  Compilando...
  smulchkb.cpp
  snprintf.cpp
  soutline.cpp
  sparamte.cpp
  sradiobu.cpp
  srescoll.cpp
  sscrlbar.cpp
  sscrolle.cpp
  sstatict.cpp
  sstatusl.cpp
  sstrcoll.cpp
  sstrlst.cpp
  stddlg.cpp
  strmstat.cpp
  svalid.cpp
  sview.cpp
  swindow.cpp
  syserr.cpp
  tapplica.cpp
  tbkgrnd.cpp
  Gerando Código...
  Compilando...
  tbutton.cpp
  tchdrdlg.cpp
  tcheckbo.cpp
  tclipbrd.cpp
  tcluster.cpp
  tcmdset.cpp
  tcollect.cpp
  tdesktop.cpp
  tdialog.cpp
  tdircoll.cpp
  tdirlist.cpp
  teditor1.cpp
  teditor2.cpp
  teditwnd.cpp
  tevent.cpp
  textview.cpp
  tfildlg.cpp
  tfilecol.cpp
  tfiledtr.cpp
  tfillist.cpp
  Gerando Código...
  Compilando...
  tframe.cpp
  tgrmv.cpp
  tgroup.cpp
  thistory.cpp
  thistwin.cpp
  thstview.cpp
  tindictr.cpp
  tinputli.cpp
  tkey.cpp
  tlabel.cpp
  tlistbox.cpp
  tlstview.cpp
  tmemo.cpp
  tmenubar.cpp
  tmenubox.cpp
  tmenupop.cpp
  tmnuview.cpp
  tmouse.cpp
  tmulchkb.cpp
  tobject.cpp
  Gerando Código...
  Compilando...
  tobjstrm.cpp
  toutline.cpp
  tparamte.cpp
  tprogram.cpp
  tradiobu.cpp
  trescoll.cpp
  tresfile.cpp
  tscreen.cpp
  tscrlbar.cpp
  tscrolle.cpp
  tsortcol.cpp
  tstatict.cpp
  tstatusl.cpp
  tstrcoll.cpp
  tstrlist.cpp
  tstrview.cpp
  tsurface.cpp
  ttimerqu.cpp
  ttprvlns.cpp
  tvalidat.cpp
  Gerando Código...
  Compilando...
  tvcursor.cpp
  tvexposd.cpp
  tview.cpp
  tvtext1.cpp
  tvtext2.cpp
  tvwrite.cpp
  twindow.cpp
  Gerando Código...
  tvision.vcxproj -> C:\Users\miguel\source\repos\turbovision-2.2.1\build\Debug\tvision-debug.lib
